{"D:\\work\\nodejstest\\c\\programming_task_02\\src\\authorize.js": {"path":"D:\\work\\nodejstest\\c\\programming_task_02\\src\\authorize.js","statementMap":{"0":{"start":{"line":1,"column":15},"end":{"line":1,"column":41}},"1":{"start":{"line":2,"column":13},"end":{"line":2,"column":37}},"2":{"start":{"line":3,"column":13},"end":{"line":3,"column":37}},"3":{"start":{"line":6,"column":2},"end":{"line":39,"column":3}},"4":{"start":{"line":8,"column":17},"end":{"line":8,"column":43}},"5":{"start":{"line":11,"column":19},"end":{"line":11,"column":49}},"6":{"start":{"line":14,"column":26},"end":{"line":19,"column":5}},"7":{"start":{"line":21,"column":29},"end":{"line":21,"column":53}},"8":{"start":{"line":22,"column":31},"end":{"line":22,"column":57}},"9":{"start":{"line":24,"column":4},"end":{"line":27,"column":5}},"10":{"start":{"line":26,"column":6},"end":{"line":26,"column":19}},"11":{"start":{"line":29,"column":4},"end":{"line":33,"column":5}},"12":{"start":{"line":32,"column":6},"end":{"line":32,"column":18}},"13":{"start":{"line":35,"column":4},"end":{"line":35,"column":50}},"14":{"start":{"line":37,"column":4},"end":{"line":37,"column":49}},"15":{"start":{"line":38,"column":4},"end":{"line":38,"column":17}},"16":{"start":{"line":42,"column":0},"end":{"line":42,"column":27}}},"fnMap":{"0":{"name":"authorize","decl":{"start":{"line":5,"column":15},"end":{"line":5,"column":24}},"loc":{"start":{"line":5,"column":43},"end":{"line":40,"column":1}},"line":5}},"branchMap":{"0":{"loc":{"start":{"line":24,"column":4},"end":{"line":27,"column":5}},"type":"if","locations":[{"start":{"line":24,"column":4},"end":{"line":27,"column":5}},{"start":{},"end":{}}],"line":24},"1":{"loc":{"start":{"line":24,"column":8},"end":{"line":24,"column":74}},"type":"binary-expr","locations":[{"start":{"line":24,"column":8},"end":{"line":24,"column":38}},{"start":{"line":24,"column":42},"end":{"line":24,"column":74}}],"line":24},"2":{"loc":{"start":{"line":29,"column":4},"end":{"line":33,"column":5}},"type":"if","locations":[{"start":{"line":29,"column":4},"end":{"line":33,"column":5}},{"start":{},"end":{}}],"line":29},"3":{"loc":{"start":{"line":29,"column":8},"end":{"line":29,"column":58}},"type":"binary-expr","locations":[{"start":{"line":29,"column":8},"end":{"line":29,"column":30}},{"start":{"line":29,"column":34},"end":{"line":29,"column":58}}],"line":29}},"s":{"0":4,"1":4,"2":4,"3":6,"4":6,"5":6,"6":6,"7":6,"8":6,"9":6,"10":0,"11":6,"12":5,"13":1,"14":0,"15":0,"16":4},"f":{"0":6},"b":{"0":[0,6],"1":[6,6],"2":[5,1],"3":[6,2]},"_coverageSchema":"1a1c01bbd47fc00a2c39e90264f33305004495a9","hash":"7d69de31d192787bb93a79bd15a6c66299423626"}
,"D:\\work\\nodejstest\\c\\programming_task_02\\src\\calculate.js": {"path":"D:\\work\\nodejstest\\c\\programming_task_02\\src\\calculate.js","statementMap":{"0":{"start":{"line":1,"column":15},"end":{"line":1,"column":41}},"1":{"start":{"line":4,"column":2},"end":{"line":27,"column":3}},"2":{"start":{"line":6,"column":28},"end":{"line":6,"column":58}},"3":{"start":{"line":9,"column":4},"end":{"line":11,"column":5}},"4":{"start":{"line":10,"column":6},"end":{"line":10,"column":16}},"5":{"start":{"line":14,"column":17},"end":{"line":14,"column":19}},"6":{"start":{"line":15,"column":4},"end":{"line":21,"column":5}},"7":{"start":{"line":17,"column":6},"end":{"line":17,"column":82}},"8":{"start":{"line":20,"column":6},"end":{"line":20,"column":36}},"9":{"start":{"line":23,"column":4},"end":{"line":23,"column":18}},"10":{"start":{"line":25,"column":4},"end":{"line":25,"column":45}},"11":{"start":{"line":26,"column":4},"end":{"line":26,"column":14}},"12":{"start":{"line":31,"column":2},"end":{"line":44,"column":3}},"13":{"start":{"line":33,"column":25},"end":{"line":33,"column":81}},"14":{"start":{"line":36,"column":25},"end":{"line":38,"column":6}},"15":{"start":{"line":37,"column":6},"end":{"line":37,"column":32}},"16":{"start":{"line":40,"column":4},"end":{"line":40,"column":24}},"17":{"start":{"line":42,"column":4},"end":{"line":42,"column":53}},"18":{"start":{"line":43,"column":4},"end":{"line":43,"column":14}},"19":{"start":{"line":47,"column":0},"end":{"line":47,"column":27}}},"fnMap":{"0":{"name":"calculate","decl":{"start":{"line":3,"column":15},"end":{"line":3,"column":24}},"loc":{"start":{"line":3,"column":35},"end":{"line":28,"column":1}},"line":3},"1":{"name":"getChildActions","decl":{"start":{"line":30,"column":15},"end":{"line":30,"column":30}},"loc":{"start":{"line":30,"column":41},"end":{"line":45,"column":1}},"line":30},"2":{"name":"(anonymous_2)","decl":{"start":{"line":36,"column":60},"end":{"line":36,"column":61}},"loc":{"start":{"line":37,"column":6},"end":{"line":37,"column":32}},"line":37}},"branchMap":{"0":{"loc":{"start":{"line":9,"column":4},"end":{"line":11,"column":5}},"type":"if","locations":[{"start":{"line":9,"column":4},"end":{"line":11,"column":5}},{"start":{},"end":{}}],"line":9},"1":{"loc":{"start":{"line":15,"column":4},"end":{"line":21,"column":5}},"type":"if","locations":[{"start":{"line":15,"column":4},"end":{"line":21,"column":5}},{"start":{"line":18,"column":11},"end":{"line":21,"column":5}}],"line":15}},"s":{"0":4,"1":15,"2":15,"3":15,"4":0,"5":15,"6":15,"7":7,"8":8,"9":15,"10":0,"11":0,"12":7,"13":7,"14":7,"15":10,"16":7,"17":0,"18":0,"19":4},"f":{"0":15,"1":7,"2":10},"b":{"0":[0,15],"1":[7,8]},"_coverageSchema":"1a1c01bbd47fc00a2c39e90264f33305004495a9","hash":"ab32ad064d4b0d5060ac0f058201b3a5841ff637"}
,"D:\\work\\nodejstest\\c\\programming_task_02\\src\\common\\db.js": {"path":"D:\\work\\nodejstest\\c\\programming_task_02\\src\\common\\db.js","statementMap":{"0":{"start":{"line":1,"column":21},"end":{"line":1,"column":39}},"1":{"start":{"line":3,"column":17},"end":{"line":11,"column":2}},"2":{"start":{"line":13,"column":19},"end":{"line":16,"column":1}},"3":{"start":{"line":18,"column":0},"end":{"line":18,"column":42}}},"fnMap":{},"branchMap":{"0":{"loc":{"start":{"line":6,"column":6},"end":{"line":10,"column":3}},"type":"binary-expr","locations":[{"start":{"line":6,"column":6},"end":{"line":6,"column":40}},{"start":{"line":6,"column":44},"end":{"line":10,"column":3}}],"line":6}},"s":{"0":4,"1":4,"2":4,"3":4},"f":{},"b":{"0":[4,4]},"_coverageSchema":"1a1c01bbd47fc00a2c39e90264f33305004495a9","hash":"b0e99b443c47b222e0dd3ceabe77c7fcdb07e5aa"}
,"D:\\work\\nodejstest\\c\\programming_task_02\\src\\handlers\\counter.js": {"path":"D:\\work\\nodejstest\\c\\programming_task_02\\src\\handlers\\counter.js","statementMap":{"0":{"start":{"line":5,"column":4},"end":{"line":12,"column":6}},"1":{"start":{"line":6,"column":16},"end":{"line":8,"column":7}},"2":{"start":{"line":16,"column":0},"end":{"line":16,"column":25}}},"fnMap":{"0":{"name":"(anonymous_0)","decl":{"start":{"line":4,"column":2},"end":{"line":4,"column":3}},"loc":{"start":{"line":4,"column":28},"end":{"line":13,"column":3}},"line":4},"1":{"name":"(anonymous_1)","decl":{"start":{"line":6,"column":6},"end":{"line":6,"column":7}},"loc":{"start":{"line":6,"column":16},"end":{"line":8,"column":7}},"line":6}},"branchMap":{"0":{"loc":{"start":{"line":5,"column":12},"end":{"line":5,"column":25}},"type":"binary-expr","locations":[{"start":{"line":5,"column":12},"end":{"line":5,"column":19}},{"start":{"line":5,"column":23},"end":{"line":5,"column":25}}],"line":5}},"s":{"0":5,"1":6,"2":4},"f":{"0":5,"1":6},"b":{"0":[5,0]},"_coverageSchema":"1a1c01bbd47fc00a2c39e90264f33305004495a9","hash":"75d8a74f0de166c81688414fbe66ea3565bb4f55"}
,"D:\\work\\nodejstest\\c\\programming_task_02\\src\\handlers\\index.js": {"path":"D:\\work\\nodejstest\\c\\programming_task_02\\src\\handlers\\index.js","statementMap":{"0":{"start":{"line":1,"column":16},"end":{"line":1,"column":36}},"1":{"start":{"line":2,"column":19},"end":{"line":2,"column":42}},"2":{"start":{"line":3,"column":15},"end":{"line":3,"column":34}},"3":{"start":{"line":7,"column":4},"end":{"line":7,"column":44}},"4":{"start":{"line":7,"column":29},"end":{"line":7,"column":44}},"5":{"start":{"line":8,"column":4},"end":{"line":8,"column":50}},"6":{"start":{"line":8,"column":32},"end":{"line":8,"column":50}},"7":{"start":{"line":9,"column":4},"end":{"line":9,"column":42}},"8":{"start":{"line":9,"column":28},"end":{"line":9,"column":42}},"9":{"start":{"line":13,"column":0},"end":{"line":13,"column":25}}},"fnMap":{"0":{"name":"(anonymous_0)","decl":{"start":{"line":6,"column":2},"end":{"line":6,"column":3}},"loc":{"start":{"line":6,"column":21},"end":{"line":10,"column":3}},"line":6}},"branchMap":{"0":{"loc":{"start":{"line":7,"column":4},"end":{"line":7,"column":44}},"type":"if","locations":[{"start":{"line":7,"column":4},"end":{"line":7,"column":44}},{"start":{},"end":{}}],"line":7},"1":{"loc":{"start":{"line":8,"column":4},"end":{"line":8,"column":50}},"type":"if","locations":[{"start":{"line":8,"column":4},"end":{"line":8,"column":50}},{"start":{},"end":{}}],"line":8},"2":{"loc":{"start":{"line":9,"column":4},"end":{"line":9,"column":42}},"type":"if","locations":[{"start":{"line":9,"column":4},"end":{"line":9,"column":42}},{"start":{},"end":{}}],"line":9}},"s":{"0":4,"1":4,"2":4,"3":38,"4":16,"5":22,"6":3,"7":19,"8":3,"9":4},"f":{"0":38},"b":{"0":[16,22],"1":[3,19],"2":[3,16]},"_coverageSchema":"1a1c01bbd47fc00a2c39e90264f33305004495a9","hash":"0c51d81b024eb890dae3b2d7f3f67c0e3bae0e5f"}
,"D:\\work\\nodejstest\\c\\programming_task_02\\src\\handlers\\multiplier.js": {"path":"D:\\work\\nodejstest\\c\\programming_task_02\\src\\handlers\\multiplier.js","statementMap":{"0":{"start":{"line":3,"column":8},"end":{"line":10,"column":10}},"1":{"start":{"line":4,"column":30},"end":{"line":6,"column":13}},"2":{"start":{"line":14,"column":0},"end":{"line":14,"column":28}}},"fnMap":{"0":{"name":"(anonymous_0)","decl":{"start":{"line":2,"column":4},"end":{"line":2,"column":5}},"loc":{"start":{"line":2,"column":30},"end":{"line":11,"column":5}},"line":2},"1":{"name":"(anonymous_1)","decl":{"start":{"line":4,"column":12},"end":{"line":4,"column":13}},"loc":{"start":{"line":4,"column":30},"end":{"line":6,"column":13}},"line":4}},"branchMap":{"0":{"loc":{"start":{"line":3,"column":16},"end":{"line":3,"column":29}},"type":"binary-expr","locations":[{"start":{"line":3,"column":16},"end":{"line":3,"column":23}},{"start":{"line":3,"column":27},"end":{"line":3,"column":29}}],"line":3}},"s":{"0":1,"1":2,"2":4},"f":{"0":1,"1":2},"b":{"0":[1,0]},"_coverageSchema":"1a1c01bbd47fc00a2c39e90264f33305004495a9","hash":"c6c676c76a3ea1c29072af1f31158c55de5e7b51"}
,"D:\\work\\nodejstest\\c\\programming_task_02\\src\\handlers\\newest.js": {"path":"D:\\work\\nodejstest\\c\\programming_task_02\\src\\handlers\\newest.js","statementMap":{"0":{"start":{"line":3,"column":8},"end":{"line":11,"column":23}},"1":{"start":{"line":4,"column":12},"end":{"line":8,"column":13}},"2":{"start":{"line":7,"column":16},"end":{"line":7,"column":30}},"3":{"start":{"line":10,"column":12},"end":{"line":10,"column":30}},"4":{"start":{"line":15,"column":0},"end":{"line":15,"column":24}}},"fnMap":{"0":{"name":"(anonymous_0)","decl":{"start":{"line":2,"column":4},"end":{"line":2,"column":5}},"loc":{"start":{"line":2,"column":30},"end":{"line":12,"column":5}},"line":2},"1":{"name":"(anonymous_1)","decl":{"start":{"line":3,"column":38},"end":{"line":3,"column":39}},"loc":{"start":{"line":3,"column":62},"end":{"line":11,"column":9}},"line":3}},"branchMap":{"0":{"loc":{"start":{"line":3,"column":15},"end":{"line":11,"column":22}},"type":"binary-expr","locations":[{"start":{"line":3,"column":15},"end":{"line":11,"column":16}},{"start":{"line":11,"column":20},"end":{"line":11,"column":22}}],"line":3},"1":{"loc":{"start":{"line":3,"column":16},"end":{"line":3,"column":29}},"type":"binary-expr","locations":[{"start":{"line":3,"column":16},"end":{"line":3,"column":23}},{"start":{"line":3,"column":27},"end":{"line":3,"column":29}}],"line":3},"2":{"loc":{"start":{"line":4,"column":12},"end":{"line":8,"column":13}},"type":"if","locations":[{"start":{"line":4,"column":12},"end":{"line":8,"column":13}},{"start":{},"end":{}}],"line":4},"3":{"loc":{"start":{"line":4,"column":16},"end":{"line":6,"column":92}},"type":"binary-expr","locations":[{"start":{"line":4,"column":16},"end":{"line":4,"column":22}},{"start":{"line":5,"column":16},"end":{"line":5,"column":32}},{"start":{"line":6,"column":17},"end":{"line":6,"column":28}},{"start":{"line":6,"column":32},"end":{"line":6,"column":91}}],"line":4}},"s":{"0":1,"1":2,"2":1,"3":1,"4":4},"f":{"0":1,"1":2},"b":{"0":[1,0],"1":[1,0],"2":[1,1],"3":[2,2,2,1]},"_coverageSchema":"1a1c01bbd47fc00a2c39e90264f33305004495a9","hash":"2a1a0abcb29ea7a13f7f9db4806606c0b3ea88be"}
,"D:\\work\\nodejstest\\c\\programming_task_02\\src\\models\\action.js": {"path":"D:\\work\\nodejstest\\c\\programming_task_02\\src\\models\\action.js","statementMap":{"0":{"start":{"line":1,"column":13},"end":{"line":1,"column":30}},"1":{"start":{"line":3,"column":33},"end":{"line":3,"column":56}},"2":{"start":{"line":4,"column":16},"end":{"line":4,"column":44}},"3":{"start":{"line":14,"column":4},"end":{"line":14,"column":23}},"4":{"start":{"line":15,"column":4},"end":{"line":15,"column":47}},"5":{"start":{"line":16,"column":4},"end":{"line":16,"column":38}},"6":{"start":{"line":17,"column":4},"end":{"line":17,"column":27}},"7":{"start":{"line":18,"column":4},"end":{"line":18,"column":47}},"8":{"start":{"line":22,"column":16},"end":{"line":22,"column":95}},"9":{"start":{"line":24,"column":4},"end":{"line":26,"column":5}},"10":{"start":{"line":25,"column":6},"end":{"line":25,"column":47}},"11":{"start":{"line":28,"column":4},"end":{"line":28,"column":32}},"12":{"start":{"line":32,"column":16},"end":{"line":32,"column":112}},"13":{"start":{"line":34,"column":4},"end":{"line":36,"column":5}},"14":{"start":{"line":35,"column":6},"end":{"line":35,"column":45}},"15":{"start":{"line":38,"column":4},"end":{"line":38,"column":32}},"16":{"start":{"line":42,"column":16},"end":{"line":50,"column":32}},"17":{"start":{"line":52,"column":4},"end":{"line":54,"column":5}},"18":{"start":{"line":53,"column":6},"end":{"line":53,"column":47}},"19":{"start":{"line":56,"column":4},"end":{"line":56,"column":53}},"20":{"start":{"line":56,"column":35},"end":{"line":56,"column":51}},"21":{"start":{"line":60,"column":0},"end":{"line":60,"column":24}}},"fnMap":{"0":{"name":"(anonymous_0)","decl":{"start":{"line":13,"column":2},"end":{"line":13,"column":3}},"loc":{"start":{"line":13,"column":21},"end":{"line":19,"column":3}},"line":13},"1":{"name":"(anonymous_1)","decl":{"start":{"line":21,"column":2},"end":{"line":21,"column":3}},"loc":{"start":{"line":21,"column":27},"end":{"line":29,"column":3}},"line":21},"2":{"name":"(anonymous_2)","decl":{"start":{"line":31,"column":2},"end":{"line":31,"column":3}},"loc":{"start":{"line":31,"column":26},"end":{"line":39,"column":3}},"line":31},"3":{"name":"(anonymous_3)","decl":{"start":{"line":41,"column":2},"end":{"line":41,"column":3}},"loc":{"start":{"line":41,"column":26},"end":{"line":57,"column":3}},"line":41},"4":{"name":"(anonymous_4)","decl":{"start":{"line":56,"column":25},"end":{"line":56,"column":26}},"loc":{"start":{"line":56,"column":35},"end":{"line":56,"column":51}},"line":56}},"branchMap":{"0":{"loc":{"start":{"line":24,"column":4},"end":{"line":26,"column":5}},"type":"if","locations":[{"start":{"line":24,"column":4},"end":{"line":26,"column":5}},{"start":{},"end":{}}],"line":24},"1":{"loc":{"start":{"line":34,"column":4},"end":{"line":36,"column":5}},"type":"if","locations":[{"start":{"line":34,"column":4},"end":{"line":36,"column":5}},{"start":{},"end":{}}],"line":34},"2":{"loc":{"start":{"line":52,"column":4},"end":{"line":54,"column":5}},"type":"if","locations":[{"start":{"line":52,"column":4},"end":{"line":54,"column":5}},{"start":{},"end":{}}],"line":52}},"s":{"0":4,"1":4,"2":4,"3":38,"4":38,"5":38,"6":38,"7":38,"8":28,"9":28,"10":0,"11":28,"12":0,"13":0,"14":0,"15":0,"16":7,"17":7,"18":0,"19":7,"20":10,"21":4},"f":{"0":38,"1":28,"2":0,"3":7,"4":10},"b":{"0":[0,28],"1":[0,0],"2":[0,7]},"_coverageSchema":"1a1c01bbd47fc00a2c39e90264f33305004495a9","hash":"d4e123ee53d8a9f14b3e5e46cca023d083085604"}
,"D:\\work\\nodejstest\\c\\programming_task_02\\src\\models\\role.js": {"path":"D:\\work\\nodejstest\\c\\programming_task_02\\src\\models\\role.js","statementMap":{"0":{"start":{"line":2,"column":21},"end":{"line":2,"column":39}},"1":{"start":{"line":3,"column":23},"end":{"line":3,"column":43}},"2":{"start":{"line":4,"column":27},"end":{"line":4,"column":51}},"3":{"start":{"line":5,"column":22},"end":{"line":5,"column":41}},"4":{"start":{"line":8,"column":4},"end":{"line":8,"column":68}},"5":{"start":{"line":8,"column":46},"end":{"line":8,"column":68}},"6":{"start":{"line":9,"column":4},"end":{"line":9,"column":72}},"7":{"start":{"line":9,"column":48},"end":{"line":9,"column":72}},"8":{"start":{"line":10,"column":4},"end":{"line":10,"column":80}},"9":{"start":{"line":10,"column":52},"end":{"line":10,"column":80}},"10":{"start":{"line":11,"column":4},"end":{"line":11,"column":70}},"11":{"start":{"line":11,"column":47},"end":{"line":11,"column":70}},"12":{"start":{"line":15,"column":0},"end":{"line":15,"column":22}}},"fnMap":{"0":{"name":"(anonymous_0)","decl":{"start":{"line":7,"column":2},"end":{"line":7,"column":3}},"loc":{"start":{"line":7,"column":21},"end":{"line":12,"column":3}},"line":7}},"branchMap":{"0":{"loc":{"start":{"line":8,"column":4},"end":{"line":8,"column":68}},"type":"if","locations":[{"start":{"line":8,"column":4},"end":{"line":8,"column":68}},{"start":{},"end":{}}],"line":8},"1":{"loc":{"start":{"line":9,"column":4},"end":{"line":9,"column":72}},"type":"if","locations":[{"start":{"line":9,"column":4},"end":{"line":9,"column":72}},{"start":{},"end":{}}],"line":9},"2":{"loc":{"start":{"line":10,"column":4},"end":{"line":10,"column":80}},"type":"if","locations":[{"start":{"line":10,"column":4},"end":{"line":10,"column":80}},{"start":{},"end":{}}],"line":10},"3":{"loc":{"start":{"line":11,"column":4},"end":{"line":11,"column":70}},"type":"if","locations":[{"start":{"line":11,"column":4},"end":{"line":11,"column":70}},{"start":{},"end":{}}],"line":11}},"s":{"0":4,"1":4,"2":4,"3":4,"4":44,"5":24,"6":20,"7":0,"8":20,"9":1,"10":19,"11":13,"12":4},"f":{"0":44},"b":{"0":[24,20],"1":[0,20],"2":[1,19],"3":[13,6]},"_coverageSchema":"1a1c01bbd47fc00a2c39e90264f33305004495a9","hash":"550f70c17c3c906e6b384758be3a74219dbc6101"}
,"D:\\work\\nodejstest\\c\\programming_task_02\\src\\models\\user.js": {"path":"D:\\work\\nodejstest\\c\\programming_task_02\\src\\models\\user.js","statementMap":{"0":{"start":{"line":1,"column":33},"end":{"line":1,"column":56}},"1":{"start":{"line":2,"column":13},"end":{"line":2,"column":30}},"2":{"start":{"line":9,"column":4},"end":{"line":9,"column":23}},"3":{"start":{"line":10,"column":4},"end":{"line":10,"column":38}},"4":{"start":{"line":14,"column":16},"end":{"line":14,"column":93}},"5":{"start":{"line":16,"column":4},"end":{"line":18,"column":5}},"6":{"start":{"line":17,"column":6},"end":{"line":17,"column":45}},"7":{"start":{"line":20,"column":4},"end":{"line":20,"column":30}},"8":{"start":{"line":24,"column":0},"end":{"line":24,"column":22}}},"fnMap":{"0":{"name":"(anonymous_0)","decl":{"start":{"line":8,"column":2},"end":{"line":8,"column":3}},"loc":{"start":{"line":8,"column":21},"end":{"line":11,"column":3}},"line":8},"1":{"name":"(anonymous_1)","decl":{"start":{"line":13,"column":2},"end":{"line":13,"column":3}},"loc":{"start":{"line":13,"column":27},"end":{"line":21,"column":3}},"line":13}},"branchMap":{"0":{"loc":{"start":{"line":16,"column":4},"end":{"line":18,"column":5}},"type":"if","locations":[{"start":{"line":16,"column":4},"end":{"line":18,"column":5}},{"start":{},"end":{}}],"line":16}},"s":{"0":4,"1":4,"2":6,"3":6,"4":6,"5":6,"6":0,"7":6,"8":4},"f":{"0":6,"1":6},"b":{"0":[0,6]},"_coverageSchema":"1a1c01bbd47fc00a2c39e90264f33305004495a9","hash":"8b418c3ba8a8817b7244e15dc3e0fec1d955cd78"}
}
