TN:
SF:src\authorize.js
FN:5,authorize
FNF:1
FNH:1
FNDA:6,authorize
DA:1,4
DA:2,4
DA:3,4
DA:6,6
DA:8,6
DA:11,6
DA:14,6
DA:21,6
DA:22,6
DA:24,6
DA:26,0
DA:29,6
DA:32,5
DA:35,1
DA:37,0
DA:38,0
DA:42,4
LF:17
LH:14
BRDA:24,0,0,0
BRDA:24,0,1,6
BRDA:24,1,0,6
BRDA:24,1,1,6
BRDA:29,2,0,5
BRDA:29,2,1,1
BRDA:29,3,0,6
BRDA:29,3,1,2
BRF:8
BRH:7
end_of_record
TN:
SF:src\calculate.js
FN:3,calculate
FN:30,getChildActions
FN:36,(anonymous_2)
FNF:3
FNH:3
FNDA:15,calculate
FNDA:7,getChildActions
FNDA:10,(anonymous_2)
DA:1,4
DA:4,15
DA:6,15
DA:9,15
DA:10,0
DA:14,15
DA:15,15
DA:17,7
DA:20,8
DA:23,15
DA:25,0
DA:26,0
DA:31,7
DA:33,7
DA:36,7
DA:37,10
DA:40,7
DA:42,0
DA:43,0
DA:47,4
LF:20
LH:15
BRDA:9,0,0,0
BRDA:9,0,1,15
BRDA:15,1,0,7
BRDA:15,1,1,8
BRF:4
BRH:3
end_of_record
TN:
SF:src\common\db.js
FNF:0
FNH:0
DA:1,4
DA:3,4
DA:13,4
DA:18,4
LF:4
LH:4
BRDA:6,0,0,4
BRDA:6,0,1,4
BRF:2
BRH:2
end_of_record
TN:
SF:src\handlers\counter.js
FN:4,(anonymous_0)
FN:6,(anonymous_1)
FNF:2
FNH:2
FNDA:5,(anonymous_0)
FNDA:6,(anonymous_1)
DA:5,5
DA:6,6
DA:16,4
LF:3
LH:3
BRDA:5,0,0,5
BRDA:5,0,1,0
BRF:2
BRH:1
end_of_record
TN:
SF:src\handlers\index.js
FN:6,(anonymous_0)
FNF:1
FNH:1
FNDA:38,(anonymous_0)
DA:1,4
DA:2,4
DA:3,4
DA:7,38
DA:8,22
DA:9,19
DA:13,4
LF:7
LH:7
BRDA:7,0,0,16
BRDA:7,0,1,22
BRDA:8,1,0,3
BRDA:8,1,1,19
BRDA:9,2,0,3
BRDA:9,2,1,16
BRF:6
BRH:6
end_of_record
TN:
SF:src\handlers\multiplier.js
FN:2,(anonymous_0)
FN:4,(anonymous_1)
FNF:2
FNH:2
FNDA:1,(anonymous_0)
FNDA:2,(anonymous_1)
DA:3,1
DA:4,2
DA:14,4
LF:3
LH:3
BRDA:3,0,0,1
BRDA:3,0,1,0
BRF:2
BRH:1
end_of_record
TN:
SF:src\handlers\newest.js
FN:2,(anonymous_0)
FN:3,(anonymous_1)
FNF:2
FNH:2
FNDA:1,(anonymous_0)
FNDA:2,(anonymous_1)
DA:3,1
DA:4,2
DA:7,1
DA:10,1
DA:15,4
LF:5
LH:5
BRDA:3,0,0,1
BRDA:3,0,1,0
BRDA:3,1,0,1
BRDA:3,1,1,0
BRDA:4,2,0,1
BRDA:4,2,1,1
BRDA:4,3,0,2
BRDA:4,3,1,2
BRDA:4,3,2,2
BRDA:4,3,3,1
BRF:10
BRH:8
end_of_record
TN:
SF:src\models\action.js
FN:13,(anonymous_0)
FN:21,(anonymous_1)
FN:31,(anonymous_2)
FN:41,(anonymous_3)
FN:56,(anonymous_4)
FNF:5
FNH:4
FNDA:38,(anonymous_0)
FNDA:28,(anonymous_1)
FNDA:0,(anonymous_2)
FNDA:7,(anonymous_3)
FNDA:10,(anonymous_4)
DA:1,4
DA:3,4
DA:4,4
DA:14,38
DA:15,38
DA:16,38
DA:17,38
DA:18,38
DA:22,28
DA:24,28
DA:25,0
DA:28,28
DA:32,0
DA:34,0
DA:35,0
DA:38,0
DA:42,7
DA:52,7
DA:53,0
DA:56,10
DA:60,4
LF:21
LH:15
BRDA:24,0,0,0
BRDA:24,0,1,28
BRDA:34,1,0,0
BRDA:34,1,1,0
BRDA:52,2,0,0
BRDA:52,2,1,7
BRF:6
BRH:2
end_of_record
TN:
SF:src\models\role.js
FN:7,(anonymous_0)
FNF:1
FNH:1
FNDA:44,(anonymous_0)
DA:2,4
DA:3,4
DA:4,4
DA:5,4
DA:8,44
DA:9,20
DA:10,20
DA:11,19
DA:15,4
LF:9
LH:9
BRDA:8,0,0,24
BRDA:8,0,1,20
BRDA:9,1,0,0
BRDA:9,1,1,20
BRDA:10,2,0,1
BRDA:10,2,1,19
BRDA:11,3,0,13
BRDA:11,3,1,6
BRF:8
BRH:7
end_of_record
TN:
SF:src\models\user.js
FN:8,(anonymous_0)
FN:13,(anonymous_1)
FNF:2
FNH:2
FNDA:6,(anonymous_0)
FNDA:6,(anonymous_1)
DA:1,4
DA:2,4
DA:9,6
DA:10,6
DA:14,6
DA:16,6
DA:17,0
DA:20,6
DA:24,4
LF:9
LH:8
BRDA:16,0,0,0
BRDA:16,0,1,6
BRF:2
BRH:1
end_of_record
